  Game.cpp
  main.cpp
  Map.cpp
  Player.cpp
C:\Users\toila\Documents\HaiDang\HaiDang\HaiDang\Player.cpp(20,62): warning C4244: '=': conversion from 'int' to 'float', possible loss of data
C:\Users\toila\Documents\HaiDang\HaiDang\HaiDang\Player.cpp(21,62): warning C4244: '=': conversion from 'int' to 'float', possible loss of data
C:\Users\toila\Documents\HaiDang\HaiDang\HaiDang\Player.cpp(69,18): warning C4244: 'initializing': conversion from 'float' to 'int', possible loss of data
C:\Users\toila\Documents\HaiDang\HaiDang\HaiDang\Player.cpp(70,37): warning C4244: 'argument': conversion from 'float' to 'int', possible loss of data
C:\Users\toila\Documents\HaiDang\HaiDang\HaiDang\Player.cpp(79,63): warning C4244: '=': conversion from 'int' to 'float', possible loss of data
C:\Users\toila\Documents\HaiDang\HaiDang\HaiDang\Player.cpp(85,18): warning C4244: 'initializing': conversion from 'float' to 'int', possible loss of data
C:\Users\toila\Documents\HaiDang\HaiDang\HaiDang\Player.cpp(86,37): warning C4244: 'argument': conversion from 'float' to 'int', possible loss of data
C:\Users\toila\Documents\HaiDang\HaiDang\HaiDang\Player.cpp(95,63): warning C4244: '=': conversion from 'int' to 'float', possible loss of data
C:\Users\toila\Documents\HaiDang\HaiDang\HaiDang\Player.cpp(102,18): warning C4244: 'initializing': conversion from 'float' to 'int', possible loss of data
C:\Users\toila\Documents\HaiDang\HaiDang\HaiDang\Player.cpp(103,50): warning C4244: 'argument': conversion from 'float' to 'int', possible loss of data
C:\Users\toila\Documents\HaiDang\HaiDang\HaiDang\Player.cpp(112,63): warning C4244: '=': conversion from 'int' to 'float', possible loss of data
C:\Users\toila\Documents\HaiDang\HaiDang\HaiDang\Player.cpp(118,18): warning C4244: 'initializing': conversion from 'float' to 'int', possible loss of data
C:\Users\toila\Documents\HaiDang\HaiDang\HaiDang\Player.cpp(119,50): warning C4244: 'argument': conversion from 'float' to 'int', possible loss of data
C:\Users\toila\Documents\HaiDang\HaiDang\HaiDang\Player.cpp(128,63): warning C4244: '=': conversion from 'int' to 'float', possible loss of data
  Window.cpp
  World.cpp
C:\Users\toila\Documents\HaiDang\HaiDang\HaiDang\World.cpp(29,39): warning C4244: 'argument': conversion from 'int' to 'float', possible loss of data
C:\Users\toila\Documents\HaiDang\HaiDang\HaiDang\World.cpp(29,33): warning C4244: 'argument': conversion from 'int' to 'float', possible loss of data
C:\Users\toila\Documents\HaiDang\HaiDang\HaiDang\World.cpp(33,40): warning C4244: 'argument': conversion from 'int' to 'float', possible loss of data
C:\Users\toila\Documents\HaiDang\HaiDang\HaiDang\World.cpp(33,34): warning C4244: 'argument': conversion from 'int' to 'float', possible loss of data
C:\Users\toila\Documents\HaiDang\HaiDang\HaiDang\World.cpp(36,40): warning C4244: 'argument': conversion from 'int' to 'float', possible loss of data
C:\Users\toila\Documents\HaiDang\HaiDang\HaiDang\World.cpp(36,34): warning C4244: 'argument': conversion from 'int' to 'float', possible loss of data
  WorldTile.cpp
  Generating code
  307 of 317 functions (96.8%) were compiled, the rest were copied from previous compilation.
    0 functions were new in current compilation
    1 functions had inline decision re-evaluated but remain unchanged
  Finished generating code
  HaiDang.vcxproj -> C:\Users\toila\Documents\HaiDang\HaiDang\x64\Release\HaiDang.exe
